#
# There is insufficient memory for the Java Runtime Environment to continue.
# Native memory allocation (mmap) failed to map 130023424 bytes for G1 virtual space
# Possible reasons:
#   The system is out of physical RAM or swap space
#   The process is running with CompressedOops enabled, and the Java Heap may be blocking the growth of the native heap
# Possible solutions:
#   Reduce memory load on the system
#   Increase physical memory or swap space
#   Check if swap backing store is full
#   Decrease Java heap size (-Xmx/-Xms)
#   Decrease number of Java threads
#   Decrease Java thread stack sizes (-Xss)
#   Set larger code cache with -XX:ReservedCodeCacheSize=
#   JVM is running with Unscaled Compressed Oops mode in which the Java heap is
#     placed in the first 4GB address space. The Java Heap base address is the
#     maximum limit for the native heap growth. Please use -XX:HeapBaseMinAddress
#     to set the Java Heap base and to place the Java Heap above 4GB virtual address.
# This output file may be truncated or incomplete.
#
#  Out of Memory Error (os_windows.cpp:3528), pid=24620, tid=25556
#
# JRE version:  (20.0.2+9) (build )
# Java VM: Java HotSpot(TM) 64-Bit Server VM (20.0.2+9-78, mixed mode, sharing, tiered, compressed oops, compressed class ptrs, g1 gc, windows-amd64)
# No core dump will be written. Minidumps are not enabled by default on client versions of Windows
#

---------------  S U M M A R Y ------------

Command Line: C:/Program Files/liquibase/internal/lib/liquibase-core.jar --changeLogFile=changelog.yaml update

Host: 12th Gen Intel(R) Core(TM) i7-12700H, 20 cores, 7G,  Windows 11 , 64 bit Build 22621 (10.0.22621.3235)
Time: Wed Apr  3 13:33:43 2024 RTZ 2 (s 11 , 64 bit Build 22621 (10.0.22621.3235) elapsed time: 0.011998 seconds (0d 0h 0m 0s)

---------------  T H R E A D  ---------------

Current thread (0x00000186557c1fc0):  JavaThread "Unknown thread" [_thread_in_vm, id=25556, stack(0x000000496cd00000,0x000000496ce00000)]

Stack: [0x000000496cd00000,0x000000496ce00000]
Native frames: (J=compiled Java code, j=interpreted, Vv=VM code, C=native code)
V  [jvm.dll+0x6bc25a]
V  [jvm.dll+0x84971a]
V  [jvm.dll+0x84b315]
V  [jvm.dll+0x84ba13]
V  [jvm.dll+0x280e4f]
V  [jvm.dll+0x6b8fe9]
V  [jvm.dll+0x6adbca]
V  [jvm.dll+0x35b165]
V  [jvm.dll+0x363386]
V  [jvm.dll+0x3b400e]
V  [jvm.dll+0x3b4295]
V  [jvm.dll+0x32b86a]
V  [jvm.dll+0x32c68b]
V  [jvm.dll+0x8123df]
V  [jvm.dll+0x3c1261]
V  [jvm.dll+0x7fe103]
V  [jvm.dll+0x44ccaf]
V  [jvm.dll+0x44e621]
C  [jli.dll+0x5287]
C  [ucrtbase.dll+0x29363]
C  [KERNEL32.DLL+0x1257d]
C  [ntdll.dll+0x5aa58]


---------------  P R O C E S S  ---------------

Threads class SMR info:
_java_thread_list=0x00007ffa9cd3b118, length=0, elements={
}

Java Threads: ( => current thread )

Other Threads:
  0x00000186558212c0 WorkerThread "GC Thread#0" [stack: 0x000000496ce00000,0x000000496cf00000] [id=7744]
  0x0000018655831a30 ConcurrentGCThread "G1 Main Marker" [stack: 0x000000496cf00000,0x000000496d000000] [id=14036]
  0x0000018655832460 WorkerThread "G1 Conc#0" [stack: 0x000000496d000000,0x000000496d100000] [id=16500]

[error occurred during error reporting (printing all threads), id 0xc0000005, EXCEPTION_ACCESS_VIOLATION (0xc0000005) at pc=0x00007ffa9c51eea7]
VM state: not at safepoint (not fully initialized)

VM Mutex/Monitor currently owned by a thread:  ([mutex/lock_event])
[0x00000186557bc3b0] Heap_lock - owner thread: 0x00000186557c1fc0

Heap address: 0x0000000084a00000, size: 1974 MB, Compressed Oops mode: 32-bit

CDS archive(s) mapped at: [0x0000000000000000-0x0000000000000000-0x0000000000000000), size 0, SharedBaseAddress: 0x0000000800000000, ArchiveRelocationMode: 1.
Narrow klass base: 0x0000000000000000, Narrow klass shift: 0, Narrow klass range: 0x0

GC Precious Log:
 CardTable entry size: 512
 Card Set container configuration: InlinePtr #cards 5 size 8 Array Of Cards #cards 12 size 40 Howl #buckets 4 coarsen threshold 1843 Howl Bitmap #cards 512 size 80 coarsen threshold 460 Card regions per heap region 1 cards per card region 2048

Heap:
 garbage-first heap   total 0K, used 0K [0x0000000084a00000, 0x0000000100000000)
  region size 1024K, 0 young (0K), 0 survivors (0K)

[error occurred during error reporting (printing heap information), id 0xc0000005, EXCEPTION_ACCESS_VIOLATION (0xc0000005) at pc=0x00007ffa9c8f47b9]
GC Heap History (0 events):
No events

Dll operation events (1 events):
Event: 0.006 Loaded shared library C:\Program Files\Java\jdk-20\bin\java.dll

Deoptimization events (0 events):
No events

Classes loaded (0 events):
No events

Classes unloaded (0 events):
No events

Classes redefined (0 events):
No events

Internal exceptions (0 events):
No events

VM Operations (0 events):
No events

Events (0 events):
No events


Dynamic libraries:
0x00007ff7476d0000 - 0x00007ff7476e0000 	C:\Program Files\Java\jdk-20\bin\java.exe
0x00007ffaf6510000 - 0x00007ffaf6726000 	C:\WINDOWS\SYSTEM32\ntdll.dll
0x00007ffaf4f10000 - 0x00007ffaf4fd4000 	C:\WINDOWS\System32\KERNEL32.DLL
0x00007ffaf3d90000 - 0x00007ffaf4136000 	C:\WINDOWS\System32\KERNELBASE.dll
0x00007ffaf39c0000 - 0x00007ffaf3ad1000 	C:\WINDOWS\System32\ucrtbase.dll
0x00007ffaea560000 - 0x00007ffaea57b000 	C:\Program Files\Java\jdk-20\bin\VCRUNTIME140.dll
0x00007ffaea580000 - 0x00007ffaea599000 	C:\Program Files\Java\jdk-20\bin\jli.dll
0x00007ffaf6130000 - 0x00007ffaf61e2000 	C:\WINDOWS\System32\ADVAPI32.dll
0x00007ffaf4ba0000 - 0x00007ffaf4c47000 	C:\WINDOWS\System32\msvcrt.dll
0x00007ffaf6270000 - 0x00007ffaf6318000 	C:\WINDOWS\System32\sechost.dll
0x00007ffaf3ae0000 - 0x00007ffaf3b08000 	C:\WINDOWS\System32\bcrypt.dll
0x00007ffaf6000000 - 0x00007ffaf6115000 	C:\WINDOWS\System32\RPCRT4.dll
0x00007ffaf4860000 - 0x00007ffaf4a0d000 	C:\WINDOWS\System32\USER32.dll
0x00007ffaf3d60000 - 0x00007ffaf3d86000 	C:\WINDOWS\System32\win32u.dll
0x00007ffaf4350000 - 0x00007ffaf4379000 	C:\WINDOWS\System32\GDI32.dll
0x00007ffaf4140000 - 0x00007ffaf4258000 	C:\WINDOWS\System32\gdi32full.dll
0x00007ffaf3cc0000 - 0x00007ffaf3d5a000 	C:\WINDOWS\System32\msvcp_win.dll
0x00007ffad62c0000 - 0x00007ffad6553000 	C:\WINDOWS\WinSxS\amd64_microsoft.windows.common-controls_6595b64144ccf1df_6.0.22621.3235_none_270f74e173860f98\COMCTL32.dll
0x00007ffae9280000 - 0x00007ffae928a000 	C:\WINDOWS\SYSTEM32\VERSION.dll
0x00007ffaf5840000 - 0x00007ffaf5871000 	C:\WINDOWS\System32\IMM32.DLL
0x00007ffaea550000 - 0x00007ffaea55c000 	C:\Program Files\Java\jdk-20\bin\vcruntime140_1.dll
0x00007ffae90b0000 - 0x00007ffae913e000 	C:\Program Files\Java\jdk-20\bin\msvcp140.dll
0x00007ffa9c1e0000 - 0x00007ffa9ce78000 	C:\Program Files\Java\jdk-20\bin\server\jvm.dll
0x00007ffaec5c0000 - 0x00007ffaec5c9000 	C:\WINDOWS\SYSTEM32\WSOCK32.dll
0x00007ffae9000000 - 0x00007ffae9034000 	C:\WINDOWS\SYSTEM32\WINMM.dll
0x00007ffaf61f0000 - 0x00007ffaf6261000 	C:\WINDOWS\System32\WS2_32.dll
0x00007ffaf2980000 - 0x00007ffaf2998000 	C:\WINDOWS\SYSTEM32\kernel.appcore.dll
0x00007ffae9170000 - 0x00007ffae917a000 	C:\Program Files\Java\jdk-20\bin\jimage.dll
0x00007ffaf0c30000 - 0x00007ffaf0e63000 	C:\WINDOWS\SYSTEM32\DBGHELP.DLL
0x00007ffaf44d0000 - 0x00007ffaf4858000 	C:\WINDOWS\System32\combase.dll
0x00007ffaf43f0000 - 0x00007ffaf44c7000 	C:\WINDOWS\System32\OLEAUT32.dll
0x00007ffae75e0000 - 0x00007ffae7612000 	C:\WINDOWS\SYSTEM32\dbgcore.DLL
0x00007ffaf3bd0000 - 0x00007ffaf3c4a000 	C:\WINDOWS\System32\bcryptPrimitives.dll
0x00007ffae1bf0000 - 0x00007ffae1c16000 	C:\Program Files\Java\jdk-20\bin\java.dll

dbghelp: loaded successfully - version: 4.0.5 - missing functions: none
symbol engine: initialized successfully - sym options: 0x614 - pdb path: .;C:\Program Files\Java\jdk-20\bin;C:\WINDOWS\SYSTEM32;C:\WINDOWS\WinSxS\amd64_microsoft.windows.common-controls_6595b64144ccf1df_6.0.22621.3235_none_270f74e173860f98;C:\Program Files\Java\jdk-20\bin\server

VM Arguments:
java_command: C:/Program Files/liquibase/internal/lib/liquibase-core.jar --changeLogFile=changelog.yaml update
java_class_path (initial): C:/Program Files/liquibase/internal/lib/liquibase-core.jar
Launcher Type: SUN_STANDARD

[Global flags]
     intx CICompilerCount                          = 12                                        {product} {ergonomic}
     uint ConcGCThreads                            = 4                                         {product} {ergonomic}
     uint G1ConcRefinementThreads                  = 15                                        {product} {ergonomic}
   size_t G1HeapRegionSize                         = 1048576                                   {product} {ergonomic}
    uintx GCDrainStackTargetSize                   = 64                                        {product} {ergonomic}
   size_t InitialHeapSize                          = 130023424                                 {product} {ergonomic}
   size_t MarkStackSize                            = 4194304                                   {product} {ergonomic}
   size_t MaxHeapSize                              = 2069889024                                {product} {ergonomic}
   size_t MinHeapDeltaBytes                        = 1048576                                   {product} {ergonomic}
   size_t MinHeapSize                              = 8388608                                   {product} {ergonomic}
    uintx NonNMethodCodeHeapSize                   = 7602480                                {pd product} {ergonomic}
    uintx NonProfiledCodeHeapSize                  = 122027880                              {pd product} {ergonomic}
    uintx ProfiledCodeHeapSize                     = 122027880                              {pd product} {ergonomic}
    uintx ReservedCodeCacheSize                    = 251658240                              {pd product} {ergonomic}
     bool SegmentedCodeCache                       = true                                      {product} {ergonomic}
   size_t SoftMaxHeapSize                          = 2069889024                             {manageable} {ergonomic}
     bool UseCompressedClassPointers               = true                           {product lp64_product} {ergonomic}
     bool UseCompressedOops                        = true                           {product lp64_product} {ergonomic}
     bool UseG1GC                                  = true                                      {product} {ergonomic}
     bool UseLargePagesIndividualAllocation        = false                                  {pd product} {ergonomic}

Logging:
Log output configuration:
 #0: stdout all=warning uptime,level,tags foldmultilines=false
 #1: stderr all=off uptime,level,tags foldmultilines=false

Environment Variables:
JAVA_HOME=C:\Program Files\Java\jdk-20
PATH=C:\Users\sbnet\bin;C:\Program Files\Git\mingw64\bin;C:\Program Files\Git\usr\local\bin;C:\Program Files\Git\usr\bin;C:\Program Files\Git\usr\bin;C:\Program Files\Git\mingw64\bin;C:\Program Files\Git\usr\bin;C:\Users\sbnet\bin;C:\Program Files\Common Files\Oracle\Java\javapath;C:\Windows\system32;C:\Windows;C:\Windows\System32\Wbem;C:\Windows\System32\WindowsPowerShell\v1.0;C:\Windows\System32\OpenSSH;C:\Program Files (x86)\NVIDIA Corporation\PhysX\Common;C:\Users\sbnet\OneDrive\Рабочий стол\Программы\apache-maven-3.9.3-bin\apache-maven-3.9.3\bin;C:\Program Files\Git\cmd;C:\WINDOWS\system32;C:\WINDOWS;C:\WINDOWS\System32\Wbem;C:\WINDOWS\System32\WindowsPowerShell\v1.0;C:\WINDOWS\System32\OpenSSH;C:\Program Files\NVIDIA Corporation\NVIDIA NvDLISR;C:\Program Files\Docker\Docker\resources\bin;C:\Users\sbnet\AppData\Local\Microsoft\WindowsApps;C:\Program Files\JetBrains\IntelliJ IDEA 2022.2\bin;C:\Users\sbnet\OneDrive\Рабочий стол\Программы\apache-maven-3.9.3-bin\apache-maven-3.9.3\bin;C:\Users\sbnet\AppData\Local\Programs\Microsoft VS Code\bin;C:\Program Files\liquibase;C:\Program Files\Git\usr\bin\vendor_perl;C:\Program Files\Git\usr\bin\core_perl
USERNAME=sbnet
SHELL=C:\Program Files\Git\usr\bin\bash.exe
DISPLAY=needs-to-be-defined
LC_CTYPE=ru_RU.UTF-8
TERM=xterm
TMPDIR=C:\Users\sbnet\AppData\Local\Temp
OS=Windows_NT
PROCESSOR_IDENTIFIER=Intel64 Family 6 Model 154 Stepping 3, GenuineIntel
TMP=C:\Users\sbnet\AppData\Local\Temp
TEMP=C:\Users\sbnet\AppData\Local\Temp




---------------  S Y S T E M  ---------------

OS:
 Windows 11 , 64 bit Build 22621 (10.0.22621.3235)
OS uptime: 2 days 15:06 hours
Hyper-V role detected

CPU: total 20 (initial active 20) (10 cores per cpu, 2 threads per core) family 6 model 154 stepping 3 microcode 0x416, cx8, cmov, fxsr, ht, mmx, 3dnowpref, sse, sse2, sse3, ssse3, sse4.1, sse4.2, popcnt, lzcnt, tsc, tscinvbit, avx, avx2, aes, erms, clmul, bmi1, bmi2, adx, sha, fma, vzeroupper, clflush, clflushopt, clwb, hv, serialize, rdtscp, rdpid, fsrm, f16c, cet_ibt, cet_ss

Memory: 4k page, system-wide physical 7893M (449M free)
TotalPageFile size 32469M (AvailPageFile size 79M)
current process WorkingSet (physical memory assigned to process): 11M, peak: 11M
current process commit charge ("private bytes"): 75M, peak: 199M

vm_info: Java HotSpot(TM) 64-Bit Server VM (20.0.2+9-78) for windows-amd64 JRE (20.0.2+9-78), built on 2023-06-14T10:08:48Z by "mach5one" with MS VC++ 17.1 (VS2022)

END.
